Base path: '/Applications/Unity/Hub/Editor/2019.3.1f1/Unity.app/Contents', plugins path '/Applications/Unity/Hub/Editor/2019.3.1f1/PlaybackEngines'
Cmd: initializeCompiler
Cmd: preprocessCompute
  insize=7087 outsize=7089 ok=1
Cmd: preprocessCompute
  insize=8241 outsize=8243 ok=1
Cmd: preprocess
  insize=56113 outsize=663 ok=1
Cmd: preprocessCompute
  insize=1976 outsize=1978 ok=1
Cmd: preprocessCompute
  insize=7068 outsize=7070 ok=1
Cmd: preprocessCompute
  insize=8219 outsize=8221 ok=1
Cmd: preprocess
  insize=55198 outsize=665 ok=1
Cmd: preprocessCompute
  insize=1976 outsize=1978 ok=1
Cmd: preprocessCompute
  insize=7068 outsize=7070 ok=1
Cmd: preprocessCompute
  insize=8219 outsize=8221 ok=1
Cmd: preprocess
  insize=55198 outsize=665 ok=1
Cmd: preprocessCompute
  insize=1976 outsize=1978 ok=1
Cmd: preprocessCompute
  insize=7068 outsize=7070 ok=1
Cmd: preprocessCompute
  insize=8219 outsize=8221 ok=1
Cmd: preprocess
  insize=55198 outsize=665 ok=1
Cmd: preprocessCompute
  insize=7121 outsize=7123 ok=1
Cmd: compileComputeKernel
  api=14 insize=7123 outsize=3810 ok=1
Cmd: translateComputeKernel
  api=14 insize=3810 outsize=5783 ok=1
Cmd: preprocessCompute
  insize=7306 outsize=7308 ok=1
Cmd: compileComputeKernel
  api=14 insize=7308 outsize=6125 ok=1
Cmd: translateComputeKernel
  api=14 insize=6125 outsize=11572 ok=1
Cmd: preprocess
  insize=41480 outsize=652 ok=1
Cmd: preprocessCompute
  insize=1976 outsize=1978 ok=1
Cmd: preprocessCompute
  insize=7068 outsize=7070 ok=1
Cmd: preprocessCompute
  insize=8219 outsize=8221 ok=1
Cmd: preprocess
  insize=55198 outsize=665 ok=1
Cmd: preprocessCompute
  insize=7119 outsize=7121 ok=1
Cmd: compileComputeKernel
  api=14 insize=7121 outsize=3810 ok=1
Cmd: translateComputeKernel
  api=14 insize=3810 outsize=5781 ok=1
Cmd: preprocessCompute
  insize=7302 outsize=7304 ok=1
Cmd: compileComputeKernel
  api=14 insize=7304 outsize=6125 ok=1
Cmd: translateComputeKernel
  api=14 insize=6125 outsize=11570 ok=1
Cmd: preprocess
  insize=41472 outsize=653 ok=1
Cmd: preprocessCompute
  insize=1976 outsize=1978 ok=1
Cmd: preprocessCompute
  insize=7068 outsize=7070 ok=1
Cmd: preprocessCompute
  insize=8219 outsize=8221 ok=1
Cmd: preprocess
  insize=55198 outsize=665 ok=1
Cmd: preprocessCompute
  insize=6930 outsize=6932 ok=1
Cmd: translateComputeKernel
  api=14 insize=3694 outsize=5201 ok=1
Cmd: preprocessCompute
  insize=4891 outsize=4893 ok=1
Cmd: compileComputeKernel
  api=14 insize=4893 outsize=2294 ok=1
Cmd: translateComputeKernel
  api=14 insize=2294 outsize=3126 ok=1
Cmd: preprocess
  insize=41324 outsize=653 ok=1
Cmd: preprocessCompute
  insize=1976 outsize=1978 ok=1
Cmd: preprocessCompute
  insize=7068 outsize=7070 ok=1
Cmd: preprocessCompute
  insize=8219 outsize=8221 ok=1
Cmd: preprocess
  insize=55198 outsize=665 ok=1
Cmd: preprocessCompute
  insize=6930 outsize=6932 ok=1
Cmd: preprocessCompute
  insize=4891 outsize=4893 ok=1
Cmd: preprocess
  insize=41324 outsize=653 ok=1
Cmd: preprocessCompute
  insize=1976 outsize=1978 ok=1
Cmd: preprocessCompute
  insize=7179 outsize=7181 ok=1
Cmd: compileComputeKernel
  api=14 insize=7181 outsize=4029 ok=1
Cmd: translateComputeKernel
  api=14 insize=4029 outsize=5909 ok=1
Cmd: preprocessCompute
  insize=8219 outsize=8221 ok=1
Cmd: preprocess
  insize=55198 outsize=665 ok=1
Cmd: preprocessCompute
  insize=6930 outsize=6932 ok=1
Cmd: preprocessCompute
  insize=4891 outsize=4893 ok=1
Cmd: preprocess
  insize=41324 outsize=653 ok=1
Cmd: preprocessCompute
  insize=1976 outsize=1978 ok=1
Cmd: preprocessCompute
  insize=7068 outsize=7070 ok=1
Cmd: preprocessCompute
  insize=8219 outsize=8221 ok=1
Cmd: preprocess
  insize=55198 outsize=665 ok=1
Cmd: preprocessCompute
  insize=7467 outsize=7469 ok=1
Cmd: compileComputeKernel
  api=14 insize=7469 outsize=4360 ok=1
Cmd: translateComputeKernel
  api=14 insize=4360 outsize=6642 ok=1
Cmd: preprocessCompute
  insize=5777 outsize=5779 ok=1
Cmd: compileComputeKernel
  api=14 insize=5779 outsize=2446 ok=1
Cmd: translateComputeKernel
  api=14 insize=2446 outsize=4311 ok=1
Cmd: preprocess
  insize=41480 outsize=653 ok=1
Cmd: preprocessCompute
  insize=1976 outsize=1978 ok=1
Cmd: preprocessCompute
  insize=7068 outsize=7070 ok=1
Cmd: preprocessCompute
  insize=8219 outsize=8221 ok=1
Cmd: preprocess
  insize=55198 outsize=665 ok=1
Cmd: preprocessCompute
  insize=7467 outsize=7469 ok=1
Cmd: translateComputeKernel
  api=14 insize=4360 outsize=6646 ok=1
Cmd: preprocessCompute
  insize=5777 outsize=5779 ok=1
Cmd: compileComputeKernel
  api=14 insize=5779 outsize=2446 ok=1
Cmd: translateComputeKernel
  api=14 insize=2446 outsize=4317 ok=1
Cmd: preprocess
  insize=41480 outsize=652 ok=1
Cmd: preprocessCompute
  insize=1976 outsize=1978 ok=1
Cmd: preprocessCompute
  insize=7068 outsize=7070 ok=1
Cmd: preprocessCompute
  insize=8219 outsize=8221 ok=1
Cmd: preprocess
  insize=55198 outsize=665 ok=1
Cmd: preprocessCompute
  insize=7465 outsize=7467 ok=1
Cmd: compileComputeKernel
  api=14 insize=7467 outsize=4440 ok=1
Cmd: translateComputeKernel
  api=14 insize=4440 outsize=6762 ok=1
Cmd: preprocessCompute
  insize=6463 outsize=6465 ok=1
Cmd: compileComputeKernel
  api=14 insize=6465 outsize=2790 ok=1
Cmd: translateComputeKernel
  api=14 insize=2790 outsize=4986 ok=1
Cmd: preprocess
  insize=41472 outsize=653 ok=1
Cmd: preprocessCompute
  insize=1976 outsize=1978 ok=1
Cmd: preprocessCompute
  insize=7068 outsize=7070 ok=1
Cmd: preprocessCompute
  insize=8219 outsize=8221 ok=1
Cmd: preprocess
  insize=55198 outsize=665 ok=1
Cmd: preprocessCompute
  insize=7465 outsize=7467 ok=1
Cmd: preprocessCompute
  insize=7464 outsize=7466 ok=1
Cmd: compileComputeKernel
  error: 1 plat 14 at Fire.vfx(86): comma expression used where a vector constructor may have been intended
  api=14 insize=7466 outsize=3023 ok=1
Cmd: translateComputeKernel
  api=14 insize=3023 outsize=5311 ok=1
Cmd: preprocess
  insize=41472 outsize=653 ok=1
Cmd: preprocessCompute
  insize=1976 outsize=1978 ok=1
Cmd: preprocessCompute
  insize=7068 outsize=7070 ok=1
Cmd: preprocessCompute
  insize=8219 outsize=8221 ok=1
Cmd: preprocess
  insize=55198 outsize=665 ok=1
Cmd: preprocessCompute
  insize=7465 outsize=7467 ok=1
Cmd: preprocessCompute
  insize=7464 outsize=7466 ok=1
Cmd: preprocess
  insize=41992 outsize=651 ok=1
Cmd: preprocessCompute
  insize=1976 outsize=1978 ok=1
Cmd: preprocessCompute
  insize=7068 outsize=7070 ok=1
Cmd: preprocessCompute
  insize=8219 outsize=8221 ok=1
Cmd: preprocess
  insize=55198 outsize=665 ok=1
Cmd: preprocessCompute
  insize=7465 outsize=7467 ok=1
Cmd: preprocessCompute
  insize=7464 outsize=7466 ok=1
Cmd: preprocess
  insize=41992 outsize=653 ok=1
Cmd: preprocessCompute
  insize=1976 outsize=1978 ok=1
Cmd: preprocessCompute
  insize=7068 outsize=7070 ok=1
Cmd: preprocessCompute
  insize=8219 outsize=8221 ok=1
Cmd: preprocess
  insize=55198 outsize=665 ok=1
Cmd: preprocessCompute
  insize=7465 outsize=7467 ok=1
Cmd: preprocessCompute
  insize=7464 outsize=7466 ok=1
Cmd: preprocess
  insize=42452 outsize=652 ok=1
Cmd: preprocessCompute
  insize=1976 outsize=1978 ok=1
Cmd: preprocessCompute
  insize=7068 outsize=7070 ok=1
Cmd: preprocessCompute
  insize=8219 outsize=8221 ok=1
Cmd: preprocess
  insize=55198 outsize=665 ok=1
Cmd: preprocessCompute
  insize=7465 outsize=7467 ok=1
Cmd: preprocessCompute
  insize=7464 outsize=7466 ok=1
Cmd: preprocess
  insize=42348 outsize=652 ok=1
Cmd: preprocessCompute
  insize=1976 outsize=1978 ok=1
Cmd: preprocessCompute
  insize=7068 outsize=7070 ok=1
Cmd: preprocessCompute
  insize=8219 outsize=8221 ok=1
Cmd: preprocess
  insize=55198 outsize=665 ok=1
Cmd: preprocessCompute
  insize=7465 outsize=7467 ok=1
Cmd: preprocessCompute
  insize=8701 outsize=8703 ok=1
Cmd: compileComputeKernel
  error: 1 plat 14 at Fire.vfx(102): comma expression used where a vector constructor may have been intended
  api=14 insize=8703 outsize=5778 ok=1
Cmd: translateComputeKernel
  api=14 insize=5778 outsize=10371 ok=1
Cmd: preprocess
  insize=42348 outsize=652 ok=1
Cmd: preprocessCompute
  insize=1976 outsize=1978 ok=1
Cmd: preprocessCompute
  insize=7068 outsize=7070 ok=1
Cmd: preprocessCompute
  insize=8219 outsize=8221 ok=1
Cmd: preprocess
  insize=55198 outsize=665 ok=1
Cmd: preprocessCompute
  insize=7465 outsize=7467 ok=1
Cmd: preprocessCompute
  insize=8632 outsize=8634 ok=1
Cmd: compileComputeKernel
  error: 1 plat 14 at Fire.vfx(102): comma expression used where a vector constructor may have been intended
  api=14 insize=8634 outsize=5685 ok=1
Cmd: translateComputeKernel
  api=14 insize=5685 outsize=10181 ok=1
Cmd: preprocess
  insize=42348 outsize=652 ok=1
Cmd: preprocessCompute
  insize=1976 outsize=1978 ok=1
Cmd: preprocessCompute
  insize=7068 outsize=7070 ok=1
Cmd: preprocessCompute
  insize=8219 outsize=8221 ok=1
Cmd: preprocess
  insize=55198 outsize=665 ok=1
Cmd: preprocessCompute
  insize=7465 outsize=7467 ok=1
Cmd: preprocessCompute
  insize=8701 outsize=8703 ok=1
Cmd: preprocess
  insize=42348 outsize=652 ok=1
Cmd: preprocessCompute
  insize=1976 outsize=1978 ok=1
Cmd: preprocessCompute
  insize=7068 outsize=7070 ok=1
Cmd: preprocessCompute
  insize=8219 outsize=8221 ok=1
Cmd: preprocess
  insize=55198 outsize=665 ok=1
Cmd: preprocessCompute
  insize=7465 outsize=7467 ok=1
Cmd: preprocessCompute
  insize=8641 outsize=8643 ok=1
Cmd: translateComputeKernel
  api=14 insize=5676 outsize=10199 ok=1
Cmd: preprocess
  insize=42348 outsize=652 ok=1
Cmd: preprocessCompute
  insize=1976 outsize=1978 ok=1
Cmd: preprocessCompute
  insize=7068 outsize=7070 ok=1
Cmd: preprocessCompute
  insize=8219 outsize=8221 ok=1
Cmd: preprocess
  insize=55198 outsize=665 ok=1
Cmd: preprocessCompute
  insize=7465 outsize=7467 ok=1
Cmd: preprocessCompute
  insize=8641 outsize=8643 ok=1
Cmd: compileComputeKernel
  error: 1 plat 14 at Fire.vfx(93): comma expression used where a vector constructor may have been intended
  api=14 insize=8643 outsize=5716 ok=1
Cmd: translateComputeKernel
  api=14 insize=5716 outsize=10240 ok=1
Cmd: preprocess
  insize=42348 outsize=652 ok=1
Cmd: preprocessCompute
  insize=1976 outsize=1978 ok=1
Cmd: preprocessCompute
  insize=7068 outsize=7070 ok=1
Cmd: preprocessCompute
  insize=8219 outsize=8221 ok=1
Cmd: preprocess
  insize=55198 outsize=665 ok=1
Cmd: preprocessCompute
  insize=7465 outsize=7467 ok=1
Cmd: preprocessCompute
  insize=8641 outsize=8643 ok=1
Cmd: preprocess
  insize=42348 outsize=652 ok=1
Cmd: preprocessCompute
  insize=1976 outsize=1978 ok=1
Cmd: preprocessCompute
  insize=7068 outsize=7070 ok=1
Cmd: preprocessCompute
  insize=8219 outsize=8221 ok=1
Cmd: preprocess
  insize=55198 outsize=665 ok=1
Cmd: preprocessCompute
  insize=7465 outsize=7467 ok=1
Cmd: preprocessCompute
  insize=8641 outsize=8643 ok=1
Cmd: preprocess
  insize=42348 outsize=652 ok=1
Cmd: preprocessCompute
  insize=1976 outsize=1978 ok=1
Cmd: preprocessCompute
  insize=7068 outsize=7070 ok=1
Cmd: preprocessCompute
  insize=8219 outsize=8221 ok=1
Cmd: preprocess
  insize=55198 outsize=665 ok=1
Cmd: preprocessCompute
  insize=7465 outsize=7467 ok=1
Cmd: preprocessCompute
  insize=8641 outsize=8643 ok=1
Cmd: preprocess
  insize=42348 outsize=652 ok=1
Cmd: preprocessCompute
  insize=1976 outsize=1978 ok=1
Cmd: preprocessCompute
  insize=7117 outsize=7119 ok=1
Cmd: translateComputeKernel
  api=14 insize=3438 outsize=5307 ok=1
Cmd: preprocessCompute
  insize=8241 outsize=8243 ok=1
Cmd: preprocess
  insize=56113 outsize=663 ok=1
Cmd: preprocessCompute
  insize=7375 outsize=7377 ok=1
Cmd: translateComputeKernel
  api=14 insize=3774 outsize=6255 ok=1
Cmd: preprocessCompute
  insize=8556 outsize=8558 ok=1
Cmd: compileComputeKernel
  error: 1 plat 14 at Fire.vfx(85): comma expression used where a vector constructor may have been intended
  api=14 insize=8558 outsize=4661 ok=1
Cmd: translateComputeKernel
  api=14 insize=4661 outsize=8819 ok=1
Cmd: preprocess
  insize=42382 outsize=652 ok=1
Cmd: preprocessCompute
  insize=1976 outsize=1978 ok=1
Cmd: preprocessCompute
  insize=7117 outsize=7119 ok=1
Cmd: preprocessCompute
  insize=8241 outsize=8243 ok=1
Cmd: preprocess
  insize=56113 outsize=663 ok=1
Cmd: preprocessCompute
  insize=7375 outsize=7377 ok=1
Cmd: preprocessCompute
  insize=8556 outsize=8558 ok=1
Cmd: preprocess
  insize=42382 outsize=652 ok=1
Cmd: preprocessCompute
  insize=1976 outsize=1978 ok=1
Cmd: preprocess
  insize=7605 outsize=2406 ok=1
Cmd: compileSnippet
  api=14 type=0 insize=5641 outsize=6089 kw= pd=UNITY_ENABLE_REFLECTION_BUFFERS UNITY_USE_DITHER_MASK_FOR_ALPHABLENDED_SHADOWS UNITY_PBS_USE_BRDF1 UNITY_SPECCUBE_BOX_PROJECTION UNITY_SPECCUBE_BLENDING UNITY_ENABLE_DETAIL_NORMALMAP SHADER_API_DESKTOP UNITY_LIGHT_PROBE_PROXY_VOLUME UNITY_LIGHTMAP_FULL_HDR ok=1
Cmd: compileSnippet
  api=14 type=1 insize=5641 outsize=1052 kw= pd=UNITY_ENABLE_REFLECTION_BUFFERS UNITY_USE_DITHER_MASK_FOR_ALPHABLENDED_SHADOWS UNITY_PBS_USE_BRDF1 UNITY_SPECCUBE_BOX_PROJECTION UNITY_SPECCUBE_BLENDING UNITY_ENABLE_DETAIL_NORMALMAP SHADER_API_DESKTOP UNITY_LIGHT_PROBE_PROXY_VOLUME UNITY_LIGHTMAP_FULL_HDR ok=1
Cmd: preprocess
  insize=3466 outsize=1210 ok=1
Cmd: compileSnippet
  api=14 type=0 insize=2699 outsize=3531 kw= pd=UNITY_ENABLE_REFLECTION_BUFFERS UNITY_USE_DITHER_MASK_FOR_ALPHABLENDED_SHADOWS UNITY_PBS_USE_BRDF1 UNITY_SPECCUBE_BOX_PROJECTION UNITY_SPECCUBE_BLENDING UNITY_ENABLE_DETAIL_NORMALMAP SHADER_API_DESKTOP UNITY_LIGHT_PROBE_PROXY_VOLUME UNITY_LIGHTMAP_FULL_HDR ok=1
Cmd: compileSnippet
  api=14 type=1 insize=2699 outsize=1191 kw= pd=UNITY_ENABLE_REFLECTION_BUFFERS UNITY_USE_DITHER_MASK_FOR_ALPHABLENDED_SHADOWS UNITY_PBS_USE_BRDF1 UNITY_SPECCUBE_BOX_PROJECTION UNITY_SPECCUBE_BLENDING UNITY_ENABLE_DETAIL_NORMALMAP SHADER_API_DESKTOP UNITY_LIGHT_PROBE_PROXY_VOLUME UNITY_LIGHTMAP_FULL_HDR ok=1
Cmd: preprocess
  insize=3478 outsize=2592 ok=1
Cmd: compileSnippet
  api=14 type=0 insize=42743 outsize=8164 kw=UNITY_PASS_FORWARDBASE DIRECTIONAL pd=UNITY_ENABLE_REFLECTION_BUFFERS UNITY_USE_DITHER_MASK_FOR_ALPHABLENDED_SHADOWS UNITY_PBS_USE_BRDF1 UNITY_SPECCUBE_BOX_PROJECTION UNITY_SPECCUBE_BLENDING UNITY_ENABLE_DETAIL_NORMALMAP SHADER_API_DESKTOP UNITY_LIGHT_PROBE_PROXY_VOLUME UNITY_LIGHTMAP_FULL_HDR ok=1
Cmd: compileSnippet
  api=14 type=1 insize=42743 outsize=8184 kw=UNITY_PASS_FORWARDBASE DIRECTIONAL pd=UNITY_ENABLE_REFLECTION_BUFFERS UNITY_USE_DITHER_MASK_FOR_ALPHABLENDED_SHADOWS UNITY_PBS_USE_BRDF1 UNITY_SPECCUBE_BOX_PROJECTION UNITY_SPECCUBE_BLENDING UNITY_ENABLE_DETAIL_NORMALMAP SHADER_API_DESKTOP UNITY_LIGHT_PROBE_PROXY_VOLUME UNITY_LIGHTMAP_FULL_HDR ok=1
Cmd: compileSnippet
  api=14 type=0 insize=1255 outsize=2461 kw=UNITY_PASS_SHADOWCASTER SHADOWS_DEPTH pd=UNITY_ENABLE_REFLECTION_BUFFERS UNITY_USE_DITHER_MASK_FOR_ALPHABLENDED_SHADOWS UNITY_PBS_USE_BRDF1 UNITY_SPECCUBE_BOX_PROJECTION UNITY_SPECCUBE_BLENDING UNITY_ENABLE_DETAIL_NORMALMAP SHADER_API_DESKTOP UNITY_LIGHT_PROBE_PROXY_VOLUME UNITY_LIGHTMAP_FULL_HDR ok=1
Cmd: compileSnippet
  api=14 type=1 insize=1255 outsize=1057 kw=UNITY_PASS_SHADOWCASTER SHADOWS_DEPTH pd=UNITY_ENABLE_REFLECTION_BUFFERS UNITY_USE_DITHER_MASK_FOR_ALPHABLENDED_SHADOWS UNITY_PBS_USE_BRDF1 UNITY_SPECCUBE_BOX_PROJECTION UNITY_SPECCUBE_BLENDING UNITY_ENABLE_DETAIL_NORMALMAP SHADER_API_DESKTOP UNITY_LIGHT_PROBE_PROXY_VOLUME UNITY_LIGHTMAP_FULL_HDR ok=1
Cmd: preprocess
  insize=4297 outsize=3592 ok=1
Cmd: compileSnippet
  api=14 type=0 insize=43440 outsize=8164 kw=UNITY_PASS_FORWARDBASE DIRECTIONAL pd=UNITY_ENABLE_REFLECTION_BUFFERS UNITY_USE_DITHER_MASK_FOR_ALPHABLENDED_SHADOWS UNITY_PBS_USE_BRDF1 UNITY_SPECCUBE_BOX_PROJECTION UNITY_SPECCUBE_BLENDING UNITY_ENABLE_DETAIL_NORMALMAP SHADER_API_DESKTOP UNITY_LIGHT_PROBE_PROXY_VOLUME UNITY_LIGHTMAP_FULL_HDR ok=1
Cmd: compileSnippet
  api=14 type=1 insize=43440 outsize=13730 kw=UNITY_PASS_FORWARDBASE DIRECTIONAL pd=UNITY_ENABLE_REFLECTION_BUFFERS UNITY_USE_DITHER_MASK_FOR_ALPHABLENDED_SHADOWS UNITY_PBS_USE_BRDF1 UNITY_SPECCUBE_BOX_PROJECTION UNITY_SPECCUBE_BLENDING UNITY_ENABLE_DETAIL_NORMALMAP SHADER_API_DESKTOP UNITY_LIGHT_PROBE_PROXY_VOLUME UNITY_LIGHTMAP_FULL_HDR ok=1
Cmd: compileSnippet
  api=14 type=0 insize=13370 outsize=8216 kw=UNITY_PASS_FORWARDADD POINT pd=UNITY_ENABLE_REFLECTION_BUFFERS UNITY_USE_DITHER_MASK_FOR_ALPHABLENDED_SHADOWS UNITY_PBS_USE_BRDF1 UNITY_SPECCUBE_BOX_PROJECTION UNITY_SPECCUBE_BLENDING UNITY_ENABLE_DETAIL_NORMALMAP SHADER_API_DESKTOP UNITY_LIGHT_PROBE_PROXY_VOLUME UNITY_LIGHTMAP_FULL_HDR ok=1
Cmd: compileSnippet
  api=14 type=1 insize=13370 outsize=11360 kw=UNITY_PASS_FORWARDADD POINT pd=UNITY_ENABLE_REFLECTION_BUFFERS UNITY_USE_DITHER_MASK_FOR_ALPHABLENDED_SHADOWS UNITY_PBS_USE_BRDF1 UNITY_SPECCUBE_BOX_PROJECTION UNITY_SPECCUBE_BLENDING UNITY_ENABLE_DETAIL_NORMALMAP SHADER_API_DESKTOP UNITY_LIGHT_PROBE_PROXY_VOLUME UNITY_LIGHTMAP_FULL_HDR ok=1
Cmd: compileSnippet
  api=14 type=0 insize=1243 outsize=2461 kw=UNITY_PASS_SHADOWCASTER SHADOWS_DEPTH pd=UNITY_ENABLE_REFLECTION_BUFFERS UNITY_USE_DITHER_MASK_FOR_ALPHABLENDED_SHADOWS UNITY_PBS_USE_BRDF1 UNITY_SPECCUBE_BOX_PROJECTION UNITY_SPECCUBE_BLENDING UNITY_ENABLE_DETAIL_NORMALMAP SHADER_API_DESKTOP UNITY_LIGHT_PROBE_PROXY_VOLUME UNITY_LIGHTMAP_FULL_HDR ok=1
Cmd: compileSnippet
  api=14 type=1 insize=1243 outsize=1057 kw=UNITY_PASS_SHADOWCASTER SHADOWS_DEPTH pd=UNITY_ENABLE_REFLECTION_BUFFERS UNITY_USE_DITHER_MASK_FOR_ALPHABLENDED_SHADOWS UNITY_PBS_USE_BRDF1 UNITY_SPECCUBE_BOX_PROJECTION UNITY_SPECCUBE_BLENDING UNITY_ENABLE_DETAIL_NORMALMAP SHADER_API_DESKTOP UNITY_LIGHT_PROBE_PROXY_VOLUME UNITY_LIGHTMAP_FULL_HDR ok=1
Cmd: preprocess
  insize=3464 outsize=1257 ok=1
Cmd: compileSnippet
  api=14 type=0 insize=2650 outsize=3531 kw= pd=UNITY_ENABLE_REFLECTION_BUFFERS UNITY_USE_DITHER_MASK_FOR_ALPHABLENDED_SHADOWS UNITY_PBS_USE_BRDF1 UNITY_SPECCUBE_BOX_PROJECTION UNITY_SPECCUBE_BLENDING UNITY_ENABLE_DETAIL_NORMALMAP SHADER_API_DESKTOP UNITY_LIGHT_PROBE_PROXY_VOLUME UNITY_LIGHTMAP_FULL_HDR ok=1
Cmd: compileSnippet
  api=14 type=1 insize=2650 outsize=1166 kw= pd=UNITY_ENABLE_REFLECTION_BUFFERS UNITY_USE_DITHER_MASK_FOR_ALPHABLENDED_SHADOWS UNITY_PBS_USE_BRDF1 UNITY_SPECCUBE_BOX_PROJECTION UNITY_SPECCUBE_BLENDING UNITY_ENABLE_DETAIL_NORMALMAP SHADER_API_DESKTOP UNITY_LIGHT_PROBE_PROXY_VOLUME UNITY_LIGHTMAP_FULL_HDR ok=1
Cmd: preprocess
  insize=10559 outsize=3882 ok=1
Cmd: compileSnippet
  api=14 type=0 insize=7122 outsize=6312 kw= pd=UNITY_ENABLE_REFLECTION_BUFFERS UNITY_USE_DITHER_MASK_FOR_ALPHABLENDED_SHADOWS UNITY_PBS_USE_BRDF1 UNITY_SPECCUBE_BOX_PROJECTION UNITY_SPECCUBE_BLENDING UNITY_ENABLE_DETAIL_NORMALMAP SHADER_API_DESKTOP UNITY_LIGHT_PROBE_PROXY_VOLUME UNITY_LIGHTMAP_FULL_HDR ok=1
Cmd: compileSnippet
  api=14 type=1 insize=7122 outsize=3405 kw= pd=UNITY_ENABLE_REFLECTION_BUFFERS UNITY_USE_DITHER_MASK_FOR_ALPHABLENDED_SHADOWS UNITY_PBS_USE_BRDF1 UNITY_SPECCUBE_BOX_PROJECTION UNITY_SPECCUBE_BLENDING UNITY_ENABLE_DETAIL_NORMALMAP SHADER_API_DESKTOP UNITY_LIGHT_PROBE_PROXY_VOLUME UNITY_LIGHTMAP_FULL_HDR ok=1
Cmd: preprocess
  insize=7773 outsize=2674 ok=1
Cmd: compileSnippet
  api=14 type=0 insize=5542 outsize=6089 kw= pd=UNITY_ENABLE_REFLECTION_BUFFERS UNITY_USE_DITHER_MASK_FOR_ALPHABLENDED_SHADOWS UNITY_PBS_USE_BRDF1 UNITY_SPECCUBE_BOX_PROJECTION UNITY_SPECCUBE_BLENDING UNITY_ENABLE_DETAIL_NORMALMAP SHADER_API_DESKTOP UNITY_LIGHT_PROBE_PROXY_VOLUME UNITY_LIGHTMAP_FULL_HDR ok=1
Cmd: compileSnippet
  api=14 type=1 insize=5542 outsize=2096 kw= pd=UNITY_ENABLE_REFLECTION_BUFFERS UNITY_USE_DITHER_MASK_FOR_ALPHABLENDED_SHADOWS UNITY_PBS_USE_BRDF1 UNITY_SPECCUBE_BOX_PROJECTION UNITY_SPECCUBE_BLENDING UNITY_ENABLE_DETAIL_NORMALMAP SHADER_API_DESKTOP UNITY_LIGHT_PROBE_PROXY_VOLUME UNITY_LIGHTMAP_FULL_HDR ok=1
Cmd: preprocess
  insize=10548 outsize=3873 ok=1
Cmd: compileSnippet
  api=14 type=0 insize=7120 outsize=6312 kw= pd=UNITY_ENABLE_REFLECTION_BUFFERS UNITY_USE_DITHER_MASK_FOR_ALPHABLENDED_SHADOWS UNITY_PBS_USE_BRDF1 UNITY_SPECCUBE_BOX_PROJECTION UNITY_SPECCUBE_BLENDING UNITY_ENABLE_DETAIL_NORMALMAP SHADER_API_DESKTOP UNITY_LIGHT_PROBE_PROXY_VOLUME UNITY_LIGHTMAP_FULL_HDR ok=1
Cmd: compileSnippet
  api=14 type=1 insize=7120 outsize=3405 kw= pd=UNITY_ENABLE_REFLECTION_BUFFERS UNITY_USE_DITHER_MASK_FOR_ALPHABLENDED_SHADOWS UNITY_PBS_USE_BRDF1 UNITY_SPECCUBE_BOX_PROJECTION UNITY_SPECCUBE_BLENDING UNITY_ENABLE_DETAIL_NORMALMAP SHADER_API_DESKTOP UNITY_LIGHT_PROBE_PROXY_VOLUME UNITY_LIGHTMAP_FULL_HDR ok=1
Cmd: preprocess
  insize=3508 outsize=1607 ok=1
Cmd: compileSnippet
  api=14 type=0 insize=2344 outsize=2935 kw= pd=UNITY_ENABLE_REFLECTION_BUFFERS UNITY_USE_DITHER_MASK_FOR_ALPHABLENDED_SHADOWS UNITY_PBS_USE_BRDF1 UNITY_SPECCUBE_BOX_PROJECTION UNITY_SPECCUBE_BLENDING UNITY_ENABLE_DETAIL_NORMALMAP SHADER_API_DESKTOP UNITY_LIGHT_PROBE_PROXY_VOLUME UNITY_LIGHTMAP_FULL_HDR ok=1
Cmd: compileSnippet
  api=14 type=1 insize=2344 outsize=938 kw= pd=UNITY_ENABLE_REFLECTION_BUFFERS UNITY_USE_DITHER_MASK_FOR_ALPHABLENDED_SHADOWS UNITY_PBS_USE_BRDF1 UNITY_SPECCUBE_BOX_PROJECTION UNITY_SPECCUBE_BLENDING UNITY_ENABLE_DETAIL_NORMALMAP SHADER_API_DESKTOP UNITY_LIGHT_PROBE_PROXY_VOLUME UNITY_LIGHTMAP_FULL_HDR ok=1
Cmd: compileSnippet
  api=14 type=0 insize=1149 outsize=1711 kw= pd=UNITY_ENABLE_REFLECTION_BUFFERS UNITY_USE_DITHER_MASK_FOR_ALPHABLENDED_SHADOWS UNITY_PBS_USE_BRDF1 UNITY_SPECCUBE_BOX_PROJECTION UNITY_SPECCUBE_BLENDING UNITY_ENABLE_DETAIL_NORMALMAP SHADER_API_DESKTOP UNITY_LIGHT_PROBE_PROXY_VOLUME UNITY_LIGHTMAP_FULL_HDR ok=1
Cmd: compileSnippet
  api=14 type=1 insize=1149 outsize=1063 kw= pd=UNITY_ENABLE_REFLECTION_BUFFERS UNITY_USE_DITHER_MASK_FOR_ALPHABLENDED_SHADOWS UNITY_PBS_USE_BRDF1 UNITY_SPECCUBE_BOX_PROJECTION UNITY_SPECCUBE_BLENDING UNITY_ENABLE_DETAIL_NORMALMAP SHADER_API_DESKTOP UNITY_LIGHT_PROBE_PROXY_VOLUME UNITY_LIGHTMAP_FULL_HDR ok=1
Cmd: preprocess
  insize=7631 outsize=2417 ok=1
Cmd: compileSnippet
  api=14 type=0 insize=5657 outsize=6089 kw= pd=UNITY_ENABLE_REFLECTION_BUFFERS UNITY_USE_DITHER_MASK_FOR_ALPHABLENDED_SHADOWS UNITY_PBS_USE_BRDF1 UNITY_SPECCUBE_BOX_PROJECTION UNITY_SPECCUBE_BLENDING UNITY_ENABLE_DETAIL_NORMALMAP SHADER_API_DESKTOP UNITY_LIGHT_PROBE_PROXY_VOLUME UNITY_LIGHTMAP_FULL_HDR ok=1
Cmd: compileSnippet
  api=14 type=1 insize=5657 outsize=1052 kw= pd=UNITY_ENABLE_REFLECTION_BUFFERS UNITY_USE_DITHER_MASK_FOR_ALPHABLENDED_SHADOWS UNITY_PBS_USE_BRDF1 UNITY_SPECCUBE_BOX_PROJECTION UNITY_SPECCUBE_BLENDING UNITY_ENABLE_DETAIL_NORMALMAP SHADER_API_DESKTOP UNITY_LIGHT_PROBE_PROXY_VOLUME UNITY_LIGHTMAP_FULL_HDR ok=1
Cmd: preprocess
  insize=2307 outsize=1077 ok=1
Cmd: compileSnippet
  api=14 type=0 insize=1673 outsize=1699 kw= pd=UNITY_ENABLE_REFLECTION_BUFFERS UNITY_USE_DITHER_MASK_FOR_ALPHABLENDED_SHADOWS UNITY_PBS_USE_BRDF1 UNITY_SPECCUBE_BOX_PROJECTION UNITY_SPECCUBE_BLENDING UNITY_ENABLE_DETAIL_NORMALMAP SHADER_API_DESKTOP UNITY_LIGHT_PROBE_PROXY_VOLUME UNITY_LIGHTMAP_FULL_HDR ok=1
Cmd: compileSnippet
  api=14 type=1 insize=1673 outsize=1050 kw= pd=UNITY_ENABLE_REFLECTION_BUFFERS UNITY_USE_DITHER_MASK_FOR_ALPHABLENDED_SHADOWS UNITY_PBS_USE_BRDF1 UNITY_SPECCUBE_BOX_PROJECTION UNITY_SPECCUBE_BLENDING UNITY_ENABLE_DETAIL_NORMALMAP SHADER_API_DESKTOP UNITY_LIGHT_PROBE_PROXY_VOLUME UNITY_LIGHTMAP_FULL_HDR ok=1
Cmd: compileSnippet
  api=14 type=0 insize=5657 outsize=7453 kw=OUTLINE_ON UNDERLAY_ON pd=UNITY_ENABLE_REFLECTION_BUFFERS UNITY_USE_DITHER_MASK_FOR_ALPHABLENDED_SHADOWS UNITY_PBS_USE_BRDF1 UNITY_SPECCUBE_BOX_PROJECTION UNITY_SPECCUBE_BLENDING UNITY_ENABLE_DETAIL_NORMALMAP SHADER_API_DESKTOP UNITY_LIGHT_PROBE_PROXY_VOLUME UNITY_LIGHTMAP_FULL_HDR ok=1
Cmd: compileSnippet
  api=14 type=1 insize=5657 outsize=1957 kw=OUTLINE_ON UNDERLAY_ON pd=UNITY_ENABLE_REFLECTION_BUFFERS UNITY_USE_DITHER_MASK_FOR_ALPHABLENDED_SHADOWS UNITY_PBS_USE_BRDF1 UNITY_SPECCUBE_BOX_PROJECTION UNITY_SPECCUBE_BLENDING UNITY_ENABLE_DETAIL_NORMALMAP SHADER_API_DESKTOP UNITY_LIGHT_PROBE_PROXY_VOLUME UNITY_LIGHTMAP_FULL_HDR ok=1
Cmd: compileSnippet
  api=14 type=0 insize=5657 outsize=6089 kw=OUTLINE_ON pd=UNITY_ENABLE_REFLECTION_BUFFERS UNITY_USE_DITHER_MASK_FOR_ALPHABLENDED_SHADOWS UNITY_PBS_USE_BRDF1 UNITY_SPECCUBE_BOX_PROJECTION UNITY_SPECCUBE_BLENDING UNITY_ENABLE_DETAIL_NORMALMAP SHADER_API_DESKTOP UNITY_LIGHT_PROBE_PROXY_VOLUME UNITY_LIGHTMAP_FULL_HDR ok=1
Cmd: compileSnippet
  api=14 type=1 insize=5657 outsize=1222 kw=OUTLINE_ON pd=UNITY_ENABLE_REFLECTION_BUFFERS UNITY_USE_DITHER_MASK_FOR_ALPHABLENDED_SHADOWS UNITY_PBS_USE_BRDF1 UNITY_SPECCUBE_BOX_PROJECTION UNITY_SPECCUBE_BLENDING UNITY_ENABLE_DETAIL_NORMALMAP SHADER_API_DESKTOP UNITY_LIGHT_PROBE_PROXY_VOLUME UNITY_LIGHTMAP_FULL_HDR ok=1
Cmd: preprocessCompute
  insize=6789 outsize=6791 ok=1
Cmd: preprocessCompute
  insize=7967 outsize=7969 ok=1
Cmd: preprocess
  insize=38777 outsize=655 ok=1
Cmd: preprocessCompute
  insize=7134 outsize=7136 ok=1
Cmd: preprocessCompute
  insize=8266 outsize=8268 ok=1
Cmd: preprocess
  insize=40714 outsize=658 ok=1
Cmd: preprocessCompute
  insize=6766 outsize=6768 ok=1
Cmd: preprocessCompute
  insize=5799 outsize=5801 ok=1
Cmd: preprocess
  insize=41038 outsize=662 ok=1
Cmd: preprocessCompute
  insize=5811 outsize=5813 ok=1
Cmd: preprocessCompute
  insize=6768 outsize=6770 ok=1
Cmd: preprocess
  insize=41048 outsize=656 ok=1
